c:\users\rlatbi\desktop\2019\synthese d'img\synimg\synimg\x64\release\vc142.pdb
c:\users\rlatbi\desktop\2019\synthese d'img\synimg\synimg\x64\release\vec3.obj
c:\users\rlatbi\desktop\2019\synthese d'img\synimg\synimg\x64\release\tp2.obj
c:\users\rlatbi\desktop\2019\synthese d'img\synimg\synimg\x64\release\tp1.obj
c:\users\rlatbi\desktop\2019\synthese d'img\synimg\synimg\x64\release\synimg.obj
c:\users\rlatbi\desktop\2019\synthese d'img\synimg\synimg\x64\release\sphere.obj
c:\users\rlatbi\desktop\2019\synthese d'img\synimg\synimg\x64\release\scene.obj
c:\users\rlatbi\desktop\2019\synthese d'img\synimg\synimg\x64\release\rayon.obj
c:\users\rlatbi\desktop\2019\synthese d'img\synimg\synimg\x64\release\camera.obj
c:\users\rlatbi\desktop\2019\synthese d'img\synimg\synimg\x64\release\surfacelight.obj
c:\users\rlatbi\desktop\2019\synthese d'img\synimg\x64\release\synimg.exe
c:\users\rlatbi\desktop\2019\synthese d'img\synimg\x64\release\synimg.pdb
c:\users\rlatbi\desktop\2019\synthese d'img\synimg\x64\release\synimg.ipdb
c:\users\rlatbi\desktop\2019\synthese d'img\synimg\x64\release\synimg.iobj
c:\users\rlatbi\desktop\2019\synthese d'img\synimg\synimg\x64\release\synimg.tlog\cl.command.1.tlog
c:\users\rlatbi\desktop\2019\synthese d'img\synimg\synimg\x64\release\synimg.tlog\cl.write.1.tlog
c:\users\rlatbi\desktop\2019\synthese d'img\synimg\synimg\x64\release\synimg.tlog\link.command.1.tlog
c:\users\rlatbi\desktop\2019\synthese d'img\synimg\synimg\x64\release\synimg.tlog\link.delete.1.tlog
c:\users\rlatbi\desktop\2019\synthese d'img\synimg\synimg\x64\release\synimg.tlog\link.read.1.tlog
c:\users\rlatbi\desktop\2019\synthese d'img\synimg\synimg\x64\release\synimg.tlog\link.write.1.tlog
c:\users\rlatbi\desktop\2019\synthese d'img\synimg\synimg\x64\release\synimg.tlog\synimg.write.1u.tlog
