  Scene.cpp
  class template optional is only available with C++17 or later.
C:\Users\rlatbi\Desktop\2019\Synthese d'Img\SynImg\SynImg\Scene.cpp(17,76): warning C4305:  'argument' : troncation de 'double' à 'float'
C:\Users\rlatbi\Desktop\2019\Synthese d'Img\SynImg\SynImg\Scene.cpp(18,79): warning C4305:  'argument' : troncation de 'double' à 'float'
C:\Users\rlatbi\Desktop\2019\Synthese d'Img\SynImg\SynImg\Scene.cpp(39,16): warning C4244:  'initialisation' : conversion de 'double' en 'float', perte possible de données
C:\Users\rlatbi\Desktop\2019\Synthese d'Img\SynImg\SynImg\Scene.cpp(40,16): warning C4244:  'initialisation' : conversion de 'double' en 'float', perte possible de données
C:\Users\rlatbi\Desktop\2019\Synthese d'Img\SynImg\SynImg\Scene.cpp(41,16): warning C4244:  'initialisation' : conversion de 'double' en 'float', perte possible de données
C:\Users\rlatbi\Desktop\2019\Synthese d'Img\SynImg\SynImg\Scene.cpp(45,90): warning C4244:  'argument' : conversion de 'int' en 'float', perte possible de données
C:\Users\rlatbi\Desktop\2019\Synthese d'Img\SynImg\SynImg\Scene.cpp(51,58): warning C4244:  'argument' : conversion de 'int' en 'float', perte possible de données
C:\Users\rlatbi\Desktop\2019\Synthese d'Img\SynImg\SynImg\Scene.cpp(51,33): warning C4244:  'argument' : conversion de 'int' en 'float', perte possible de données
C:\Users\rlatbi\Desktop\2019\Synthese d'Img\SynImg\SynImg\Scene.cpp(157,15): warning C4244:  'initialisation' : conversion de 'double' en 'float', perte possible de données
C:\Users\rlatbi\Desktop\2019\Synthese d'Img\SynImg\SynImg\Scene.cpp(158,15): warning C4244:  'initialisation' : conversion de 'double' en 'float', perte possible de données
C:\Users\rlatbi\Desktop\2019\Synthese d'Img\SynImg\SynImg\Scene.cpp(159,15): warning C4244:  'initialisation' : conversion de 'double' en 'float', perte possible de données
C:\Users\rlatbi\Desktop\2019\Synthese d'Img\SynImg\SynImg\Scene.cpp(235,113): warning C4244:  'argument' : conversion de 'double' en 'float', perte possible de données
C:\Users\rlatbi\Desktop\2019\Synthese d'Img\SynImg\SynImg\Scene.cpp(235,85): warning C4244:  'argument' : conversion de 'double' en 'float', perte possible de données
C:\Users\rlatbi\Desktop\2019\Synthese d'Img\SynImg\SynImg\Scene.cpp(235,57): warning C4244:  'argument' : conversion de 'double' en 'float', perte possible de données
C:\Users\rlatbi\Desktop\2019\Synthese d'Img\SynImg\SynImg\Scene.cpp(263,34): warning C4244:  '=' : conversion de 'double' en 'float', perte possible de données
C:\Users\rlatbi\Desktop\2019\Synthese d'Img\SynImg\SynImg\Scene.cpp(264,38): warning C4244:  '=' : conversion de 'double' en 'float', perte possible de données
C:\Users\rlatbi\Desktop\2019\Synthese d'Img\SynImg\SynImg\Scene.cpp(265,36): warning C4244:  '=' : conversion de 'double' en 'float', perte possible de données
C:\Users\rlatbi\Desktop\2019\Synthese d'Img\SynImg\SynImg\Scene.cpp(269,62): warning C4244:  '=' : conversion de 'float' en 'BYTE', perte possible de données
C:\Users\rlatbi\Desktop\2019\Synthese d'Img\SynImg\SynImg\Scene.cpp(270,68): warning C4244:  '=' : conversion de 'float' en 'BYTE', perte possible de données
C:\Users\rlatbi\Desktop\2019\Synthese d'Img\SynImg\SynImg\Scene.cpp(271,65): warning C4244:  '=' : conversion de 'float' en 'BYTE', perte possible de données
C:\Users\rlatbi\Desktop\2019\Synthese d'Img\SynImg\SynImg\Scene.cpp(297,54): warning C4244:  'argument' : conversion de 'int' en 'float', perte possible de données
C:\Users\rlatbi\Desktop\2019\Synthese d'Img\SynImg\SynImg\Scene.cpp(297,51): warning C4244:  'argument' : conversion de 'int' en 'float', perte possible de données
C:\Users\rlatbi\Desktop\2019\Synthese d'Img\SynImg\SynImg\Scene.cpp(301,21): warning C4244:  'argument' : conversion de 'int' en 'float', perte possible de données
  SynImg.cpp
C:\Users\rlatbi\Desktop\2019\Synthese d'Img\SynImg\SynImg\Scene.cpp(301,18): warning C4244:  'argument' : conversion de 'int' en 'float', perte possible de données
C:\Users\rlatbi\Desktop\2019\Synthese d'Img\SynImg\SynImg\Scene.cpp(301,18): warning C4244: class template optional is only available with C++17 or later.
C:\Users\rlatbi\Desktop\2019\Synthese d'Img\SynImg\SynImg\SynImg.cpp(28,67): warning C4305:  'argument' : troncation de 'double' à 'float'
  Génération de code en cours
  0 of 230 functions ( 0.0%) were compiled, the rest were copied from previous compilation.
    0 functions were new in current compilation
    0 functions had inline decision re-evaluated but remain unchanged
  Fin de la génération du code
  SynImg.vcxproj -> C:\Users\rlatbi\Desktop\2019\Synthese d'Img\SynImg\x64\Release\SynImg.exe
