  Scene.cpp
  class template optional is only available with C++17 or later.
C:\Users\rlatbi\Desktop\2019\Synthese d'Img\SynImg\SynImg\Scene.cpp(17,76): warning C4305:  'argument' : troncation de 'double' à 'float'
C:\Users\rlatbi\Desktop\2019\Synthese d'Img\SynImg\SynImg\Scene.cpp(18,79): warning C4305:  'argument' : troncation de 'double' à 'float'
C:\Users\rlatbi\Desktop\2019\Synthese d'Img\SynImg\SynImg\Scene.cpp(39,16): warning C4244:  'initialisation' : conversion de 'double' en 'float', perte possible de données
C:\Users\rlatbi\Desktop\2019\Synthese d'Img\SynImg\SynImg\Scene.cpp(40,16): warning C4244:  'initialisation' : conversion de 'double' en 'float', perte possible de données
C:\Users\rlatbi\Desktop\2019\Synthese d'Img\SynImg\SynImg\Scene.cpp(41,16): warning C4244:  'initialisation' : conversion de 'double' en 'float', perte possible de données
C:\Users\rlatbi\Desktop\2019\Synthese d'Img\SynImg\SynImg\Scene.cpp(45,90): warning C4244:  'argument' : conversion de 'int' en 'float', perte possible de données
C:\Users\rlatbi\Desktop\2019\Synthese d'Img\SynImg\SynImg\Scene.cpp(51,58): warning C4244:  'argument' : conversion de 'int' en 'float', perte possible de données
C:\Users\rlatbi\Desktop\2019\Synthese d'Img\SynImg\SynImg\Scene.cpp(51,33): warning C4244:  'argument' : conversion de 'int' en 'float', perte possible de données
C:\Users\rlatbi\Desktop\2019\Synthese d'Img\SynImg\SynImg\Scene.cpp(189,15): warning C4244:  'initialisation' : conversion de 'double' en 'float', perte possible de données
C:\Users\rlatbi\Desktop\2019\Synthese d'Img\SynImg\SynImg\Scene.cpp(190,15): warning C4244:  'initialisation' : conversion de 'double' en 'float', perte possible de données
C:\Users\rlatbi\Desktop\2019\Synthese d'Img\SynImg\SynImg\Scene.cpp(191,15): warning C4244:  'initialisation' : conversion de 'double' en 'float', perte possible de données
C:\Users\rlatbi\Desktop\2019\Synthese d'Img\SynImg\SynImg\Scene.cpp(267,113): warning C4244:  'argument' : conversion de 'double' en 'float', perte possible de données
C:\Users\rlatbi\Desktop\2019\Synthese d'Img\SynImg\SynImg\Scene.cpp(267,85): warning C4244:  'argument' : conversion de 'double' en 'float', perte possible de données
C:\Users\rlatbi\Desktop\2019\Synthese d'Img\SynImg\SynImg\Scene.cpp(267,57): warning C4244:  'argument' : conversion de 'double' en 'float', perte possible de données
C:\Users\rlatbi\Desktop\2019\Synthese d'Img\SynImg\SynImg\Scene.cpp(295,34): warning C4244:  '=' : conversion de 'double' en 'float', perte possible de données
C:\Users\rlatbi\Desktop\2019\Synthese d'Img\SynImg\SynImg\Scene.cpp(296,38): warning C4244:  '=' : conversion de 'double' en 'float', perte possible de données
C:\Users\rlatbi\Desktop\2019\Synthese d'Img\SynImg\SynImg\Scene.cpp(297,36): warning C4244:  '=' : conversion de 'double' en 'float', perte possible de données
C:\Users\rlatbi\Desktop\2019\Synthese d'Img\SynImg\SynImg\Scene.cpp(301,62): warning C4244:  '=' : conversion de 'float' en 'BYTE', perte possible de données
C:\Users\rlatbi\Desktop\2019\Synthese d'Img\SynImg\SynImg\Scene.cpp(302,68): warning C4244:  '=' : conversion de 'float' en 'BYTE', perte possible de données
C:\Users\rlatbi\Desktop\2019\Synthese d'Img\SynImg\SynImg\Scene.cpp(303,65): warning C4244:  '=' : conversion de 'float' en 'BYTE', perte possible de données
C:\Users\rlatbi\Desktop\2019\Synthese d'Img\SynImg\SynImg\Scene.cpp(329,54): warning C4244:  'argument' : conversion de 'int' en 'float', perte possible de données
C:\Users\rlatbi\Desktop\2019\Synthese d'Img\SynImg\SynImg\Scene.cpp(329,51): warning C4244:  'argument' : conversion de 'int' en 'float', perte possible de données
C:\Users\rlatbi\Desktop\2019\Synthese d'Img\SynImg\SynImg\Scene.cpp(333,21): warning C4244:  'argument' : conversion de 'int' en 'float', perte possible de données
C:\Users\rlatbi\Desktop\2019\Synthese d'Img\SynImg\SynImg\Scene.cpp(333,18): warning C4244:  'argument' : conversion de 'int' en 'float', perte possible de données
  SynImg.vcxproj -> C:\Users\rlatbi\Desktop\2019\Synthese d'Img\SynImg\x64\Debug\SynImg.exe
